#
# A fatal error has been detected by the Java Runtime Environment:
#
#  SIGSEGV (0xb) at pc=0x00007fff9012b0dd, pid=6140, tid=1811
#
# JRE version: Java(TM) SE Runtime Environment (8.0_77-b03) (build 1.8.0_77-b03)
# Java VM: Java HotSpot(TM) 64-Bit Server VM (25.77-b03 mixed mode bsd-amd64 compressed oops)
# Problematic frame:
# C  [libobjc.A.dylib+0x10dd]  objc_msgSend+0x1d
#
# Failed to write core dump. Core dumps have been disabled. To enable core dumping, try "ulimit -c unlimited" before starting Java again
#
# If you would like to submit a bug report, please visit:
#   http://bugreport.java.com/bugreport/crash.jsp
# The crash happened outside the Java Virtual Machine in native code.
# See problematic frame for where to report the bug.
#

---------------  T H R E A D  ---------------

Current thread (0x00007fa77f019800):  JavaThread "AppKit Thread" daemon [_thread_in_native, id=1811, stack(0x00007fff589a5000,0x00007fff591a5000)]

siginfo: si_signo: 11 (SIGSEGV), si_code: 1 (SEGV_MAPERR), si_addr: 0x0000000000000018

Registers:
RAX=0x00007fa77b553760, RBX=0x00007fff591a0838, RCX=0x0000000000000000, RDX=0x00007fa77b543d70
RSP=0x00007fff591a0658, RBP=0x00007fff591a0660, RSI=0x00007fff8f12d41e, RDI=0x00007fa77b553760
R8 =0x00007fff591a0640, R9 =0x0000000000000063, R10=0x00007fff8f12d41e, R11=0x0000000000000000
R12=0x00007fa77d80b870, R13=0x00000000000f4312, R14=0x00007fa78171af60, R15=0x00007fff591a0798
RIP=0x00007fff9012b0dd, EFLAGS=0x0000000000010246, ERR=0x0000000000000004
  TRAPNO=0x000000000000000e

Top of Stack: (sp=0x00007fff591a0658)
0x00007fff591a0658:   00007fff9829645c 00007fff591a09c0
0x00007fff591a0668:   00007fff98186634 00007fff591a06ec
0x00007fff591a0678:   00007fff591a06f0 00007fff591a06f4
0x00007fff591a0688:   00007fff7bc23e00 ffffffffffffffff
0x00007fff591a0698:   0000000000000948 00007fff7bc23e18
0x00007fff591a06a8:   00007fa78171af60 0000000000000000
0x00007fff591a06b8:   00007fff591a0790 0000000000000000
0x00007fff591a06c8:   00007fa77da1ab30 00007fff591a0810
0x00007fff591a06d8:   0000000000000063 00000000000f4314
0x00007fff591a06e8:   00007fa77b543d70 00007fa77da43850
0x00007fff591a06f8:   00007fa77d80b870 0000000000000001
0x00007fff591a0708:   00000000000f4312 00007fa77d80b860
0x00007fff591a0718:   00007fff9256ac05 000000017c69c070
0x00007fff591a0728:   00007fff7cab60d0 0000000042000000
0x00007fff591a0738:   00007fff92571e63 00007fff7bbee240
0x00007fff591a0748:   00007fff591a0818 00007fff591a0770
0x00007fff591a0758:   00007fff591a0790 0000000000000000
0x00007fff591a0768:   0000000000000006 00044b039014b97a
0x00007fff591a0778:   00007fa77d80b894 0000000000000000
0x00007fff591a0788:   0000000000000000 00007fa77da1abb0
0x00007fff591a0798:   00007fa78171af60 0000002000000000
0x00007fff591a07a8:   0000000000000000 00007fff7cab60d0
0x00007fff591a07b8:   0000000042000000 00007fff925714f8
0x00007fff591a07c8:   00007fff7bbee350 00007fff591a0728
0x00007fff591a07d8:   0000000000000000 00007fff591a08a8
0x00007fff591a07e8:   00007fff7b2c7ea0 00007fff591a08e0
0x00007fff591a07f8:   00007fff96c1e770 00007fff591a0890
0x00007fff591a0808:   00007fff8e8614ed 0000000000000052
0x00007fff591a0818:   0000000000000000 00000000000f42e1
0x00007fff591a0828:   0000000000000054 0000000000000000
0x00007fff591a0838:   00000000000f4312 00007fff591a08b4
0x00007fff591a0848:   0000000000680801 00000000ffffffff 

Instructions: (pc=0x00007fff9012b0dd)
0x00007fff9012b0bd:   00 00 00 48 85 ff 2e 74 7a 40 f6 c7 01 2e 75 7e
0x00007fff9012b0cd:   49 bb f8 ff ff ff ff 7f 00 00 4c 23 1f 49 89 f2
0x00007fff9012b0dd:   45 23 53 18 49 c1 e2 04 4d 03 53 10 49 3b 32 75
0x00007fff9012b0ed:   04 41 ff 62 08 49 83 3a 00 74 6a 4d 3b 53 10 74 

Register to memory mapping:

RAX=0x00007fa77b553760 is an unknown value
RBX=0x00007fff591a0838 is pointing into the stack for thread: 0x00007fa77f019800
RCX=0x0000000000000000 is an unknown value
RDX=0x00007fa77b543d70 is an unknown value
RSP=0x00007fff591a0658 is pointing into the stack for thread: 0x00007fa77f019800
RBP=0x00007fff591a0660 is pointing into the stack for thread: 0x00007fa77f019800
RSI=0x00007fff8f12d41e: -[NSTitlebarContainerView transparent]+0x5e312 in /System/Library/Frameworks/AppKit.framework/Versions/C/AppKit at 0x00007fff8e72c000
RDI=0x00007fa77b553760 is an unknown value
R8 =0x00007fff591a0640 is pointing into the stack for thread: 0x00007fa77f019800
R9 =0x0000000000000063 is an unknown value
R10=0x00007fff8f12d41e: -[NSTitlebarContainerView transparent]+0x5e312 in /System/Library/Frameworks/AppKit.framework/Versions/C/AppKit at 0x00007fff8e72c000
R11=0x0000000000000000 is an unknown value
R12=0x00007fa77d80b870 is an unknown value
R13=0x00000000000f4312 is an unknown value
R14=0x00007fa78171af60 is an unknown value
R15=0x00007fff591a0798 is pointing into the stack for thread: 0x00007fa77f019800


Stack: [0x00007fff589a5000,0x00007fff591a5000],  sp=0x00007fff591a0658,  free space=8173k
Native frames: (J=compiled Java code, j=interpreted, Vv=VM code, C=native code)
C  [libobjc.A.dylib+0x10dd]  objc_msgSend+0x1d
C  [CoreFoundation+0x10634]  _CFXNotificationPost+0xc44
C  [Foundation+0x7aa1]  -[NSNotificationCenter postNotificationName:object:userInfo:]+0x42
C  [AppKit+0x439c2]  -[NSSurface _disposeSurface]+0x98
C  [AppKit+0x43426]  -[NSSurface setWindow:]+0x42
C  [AppKit+0x33910]  -[NSView _setWindow:]+0xa33
C  [AppKit+0x6af91]  -[NSView removeFromSuperview]+0x1c5
C  [AppKit+0x14bd99]  -[NSView removeFromSuperviewWithoutNeedingDisplay]+0x26
C  [liblwjgl.dylib+0xa205]  +[MacOSXKeyableWindow destroyWindow]+0xb5
C  [Foundation+0x92dd0]  __NSThreadPerformPerform+0x125
C  [CoreFoundation+0x80a01]  __CFRUNLOOP_IS_CALLING_OUT_TO_A_SOURCE0_PERFORM_FUNCTION__+0x11
C  [CoreFoundation+0x72b8d]  __CFRunLoopDoSources0+0x10d
C  [CoreFoundation+0x721bf]  __CFRunLoopRun+0x39f
C  [CoreFoundation+0x71bd8]  CFRunLoopRunSpecific+0x128
C  [HIToolbox+0x3256f]  RunCurrentEventLoopInMode+0xeb
C  [HIToolbox+0x321ee]  ReceiveNextEventCommon+0xb3
C  [HIToolbox+0x3212b]  _BlockUntilNextEventMatchingListInModeWithFilter+0x47
C  [AppKit+0x918ab]  _DPSNextEvent+0x3d2
C  [AppKit+0x90e58]  -[NSApplication nextEventMatchingMask:untilDate:inMode:dequeue:]+0x15a
C  [libosxapp.dylib+0x23aa]  -[NSApplicationAWT nextEventMatchingMask:untilDate:inMode:dequeue:]+0x7c
C  [AppKit+0x86af3]  -[NSApplication run]+0x252
C  [libosxapp.dylib+0x214d]  +[NSApplicationAWT runAWTLoopWithApp:]+0x9c
C  [libawt_lwawt.dylib+0x4455b]  -[AWTStarter starter:]+0x389
C  [Foundation+0x92dd0]  __NSThreadPerformPerform+0x125
C  [CoreFoundation+0x80a01]  __CFRUNLOOP_IS_CALLING_OUT_TO_A_SOURCE0_PERFORM_FUNCTION__+0x11
C  [CoreFoundation+0x72b8d]  __CFRunLoopDoSources0+0x10d
C  [CoreFoundation+0x721bf]  __CFRunLoopRun+0x39f
C  [CoreFoundation+0x71bd8]  CFRunLoopRunSpecific+0x128
C  [java+0x6463]  CreateExecutionEnvironment+0x367
C  [java+0x21ac]  JLI_Launch+0x7a0
C  [java+0x84c0]  main+0x65
C  [java+0x1a04]  start+0x34
C  0x0000000000000006


---------------  P R O C E S S  ---------------

Java Threads: ( => current thread )
  0x00007fa77e0b4800 JavaThread "AWT-Shutdown" [_thread_blocked, id=51031, stack(0x000000017a518000,0x000000017a618000)]
  0x00007fa77e85c000 JavaThread "Java2D Disposer" daemon [_thread_blocked, id=66315, stack(0x000000012a0ec000,0x000000012a1ec000)]
  0x00007fa77d08a800 JavaThread "Java2D Queue Flusher" daemon [_thread_blocked, id=67079, stack(0x0000000129fb5000,0x000000012a0b5000)]
  0x00007fa77e85a800 JavaThread "Timer-2" [_thread_blocked, id=65799, stack(0x0000000129eb2000,0x0000000129fb2000)]
  0x00007fa77e857800 JavaThread "Timer-1" [_thread_blocked, id=65543, stack(0x0000000129daf000,0x0000000129eaf000)]
  0x00007fa77d076000 JavaThread "Timer-0" [_thread_blocked, id=56239, stack(0x0000000129cac000,0x0000000129dac000)]
=>0x00007fa77f019800 JavaThread "AppKit Thread" daemon [_thread_in_native, id=1811, stack(0x00007fff589a5000,0x00007fff591a5000)]
  0x00007fa77b81c000 JavaThread "Service Thread" daemon [_thread_blocked, id=20995, stack(0x00000001240f9000,0x00000001241f9000)]
  0x00007fa77b80d800 JavaThread "C1 CompilerThread3" daemon [_thread_blocked, id=20483, stack(0x0000000123ff6000,0x00000001240f6000)]
  0x00007fa77d018000 JavaThread "C2 CompilerThread2" daemon [_thread_blocked, id=19971, stack(0x0000000123ef3000,0x0000000123ff3000)]
  0x00007fa77c01a800 JavaThread "C2 CompilerThread1" daemon [_thread_blocked, id=19459, stack(0x0000000123df0000,0x0000000123ef0000)]
  0x00007fa77f008800 JavaThread "C2 CompilerThread0" daemon [_thread_blocked, id=18947, stack(0x0000000123ced000,0x0000000123ded000)]
  0x00007fa77b80e800 JavaThread "Signal Dispatcher" daemon [_thread_blocked, id=18207, stack(0x0000000123bea000,0x0000000123cea000)]
  0x00007fa77c00a800 JavaThread "Finalizer" daemon [_thread_blocked, id=13571, stack(0x00000001221d4000,0x00000001222d4000)]
  0x00007fa77b80a800 JavaThread "Reference Handler" daemon [_thread_blocked, id=13059, stack(0x00000001220d1000,0x00000001221d1000)]
  0x00007fa77c802800 JavaThread "main" [_thread_in_native, id=4867, stack(0x0000000108b90000,0x0000000108c90000)]

Other Threads:
  0x00007fa77c817000 VMThread [stack: 0x0000000121fce000,0x00000001220ce000] [id=12547]
  0x00007fa77b81d000 WatcherThread [stack: 0x00000001241fc000,0x00000001242fc000] [id=21507]

VM state:not at safepoint (normal execution)

VM Mutex/Monitor currently owned by a thread: None

Heap:
 PSYoungGen      total 57344K, used 42298K [0x0000000780000000, 0x0000000784000000, 0x00000007c0000000)
  eden space 49152K, 74% used [0x0000000780000000,0x00000007823de260,0x0000000783000000)
  from space 8192K, 67% used [0x0000000783800000,0x0000000783d70818,0x0000000784000000)
  to   space 8192K, 0% used [0x0000000783000000,0x0000000783000000,0x0000000783800000)
 ParOldGen       total 131072K, used 45768K [0x0000000700000000, 0x0000000708000000, 0x0000000780000000)
  object space 131072K, 34% used [0x0000000700000000,0x0000000702cb23f8,0x0000000708000000)
 Metaspace       used 10934K, capacity 11139K, committed 11264K, reserved 1058816K
  class space    used 1105K, capacity 1194K, committed 1280K, reserved 1048576K

Card table byte_map: [0x0000000118052000,0x0000000118653000] byte_map_base: 0x0000000114852000

Marking Bits: (ParMarkBitMap*) 0x00000001084e3ea0
 Begin Bits: [0x000000011926b000, 0x000000011c26b000)
 End Bits:   [0x000000011c26b000, 0x000000011f26b000)

Polling page: 0x0000000106bb4000

CodeCache: size=245760Kb used=6694Kb max_used=6694Kb free=239065Kb
 bounds [0x0000000108c92000, 0x0000000109332000, 0x0000000117c92000]
 total_blobs=2177 nmethods=1644 adapters=448
 compilation: enabled

Compilation events (10 events):
Event: 97.950 Thread 0x00007fa77b80d800 1644       3       java.io.PrintStream::ensureOpen (18 bytes)
Event: 97.950 Thread 0x00007fa77b80d800 nmethod 1644 0x00000001092ec450 code [0x00000001092ec5c0, 0x00000001092ec808]
Event: 97.950 Thread 0x00007fa77b80d800 1645       3       java.io.BufferedWriter::ensureOpen (18 bytes)
Event: 97.950 Thread 0x00007fa77b80d800 nmethod 1645 0x0000000109313dd0 code [0x0000000109313f40, 0x0000000109314188]
Event: 97.950 Thread 0x00007fa77b80d800 1646       1       sun.nio.cs.StreamEncoder::isOpen (5 bytes)
Event: 97.951 Thread 0x00007fa77b80d800 nmethod 1646 0x0000000109313b10 code [0x0000000109313c60, 0x0000000109313d70]
Event: 97.964 Thread 0x00007fa77d018000 1647       4       org.newdawn.slick.state.StateBasedGame::postUpdateState (1 bytes)
Event: 97.965 Thread 0x00007fa77d018000 nmethod 1647 0x0000000109312390 code [0x00000001093124e0, 0x0000000109312538]
Event: 98.934 Thread 0x00007fa77b80d800 1648       3       magicks.dominion.MainMenu::render (218 bytes)
Event: 98.939 Thread 0x00007fa77b80d800 nmethod 1648 0x000000010931b490 code [0x000000010931bd40, 0x000000010931fba8]

GC Heap History (4 events):
Event: 9.286 GC heap before
{Heap before GC invocations=1 (full 0):
 PSYoungGen      total 57344K, used 49152K [0x0000000780000000, 0x0000000784000000, 0x00000007c0000000)
  eden space 49152K, 100% used [0x0000000780000000,0x0000000783000000,0x0000000783000000)
  from space 8192K, 0% used [0x0000000783800000,0x0000000783800000,0x0000000784000000)
  to   space 8192K, 0% used [0x0000000783000000,0x0000000783000000,0x0000000783800000)
 ParOldGen       total 131072K, used 0K [0x0000000700000000, 0x0000000708000000, 0x0000000780000000)
  object space 131072K, 0% used [0x0000000700000000,0x0000000700000000,0x0000000708000000)
 Metaspace       used 9258K, capacity 9441K, committed 9472K, reserved 1058816K
  class space    used 966K, capacity 1023K, committed 1024K, reserved 1048576K
Event: 9.302 GC heap after
Heap after GC invocations=1 (full 0):
 PSYoungGen      total 57344K, used 8182K [0x0000000780000000, 0x0000000784000000, 0x00000007c0000000)
  eden space 49152K, 0% used [0x0000000780000000,0x0000000780000000,0x0000000783000000)
  from space 8192K, 99% used [0x0000000783000000,0x00000007837fd888,0x0000000783800000)
  to   space 8192K, 0% used [0x0000000783800000,0x0000000783800000,0x0000000784000000)
 ParOldGen       total 131072K, used 3883K [0x0000000700000000, 0x0000000708000000, 0x0000000780000000)
  object space 131072K, 2% used [0x0000000700000000,0x00000007003caf28,0x0000000708000000)
 Metaspace       used 9258K, capacity 9441K, committed 9472K, reserved 1058816K
  class space    used 966K, capacity 1023K, committed 1024K, reserved 1048576K
}
Event: 57.843 GC heap before
{Heap before GC invocations=2 (full 0):
 PSYoungGen      total 57344K, used 57334K [0x0000000780000000, 0x0000000784000000, 0x00000007c0000000)
  eden space 49152K, 100% used [0x0000000780000000,0x0000000783000000,0x0000000783000000)
  from space 8192K, 99% used [0x0000000783000000,0x00000007837fd888,0x0000000783800000)
  to   space 8192K, 0% used [0x0000000783800000,0x0000000783800000,0x0000000784000000)
 ParOldGen       total 131072K, used 45760K [0x0000000700000000, 0x0000000708000000, 0x0000000780000000)
  object space 131072K, 34% used [0x0000000700000000,0x0000000702cb03f8,0x0000000708000000)
 Metaspace       used 10888K, capacity 11051K, committed 11264K, reserved 1058816K
  class space    used 1099K, capacity 1190K, committed 1280K, reserved 1048576K
Event: 57.851 GC heap after
Heap after GC invocations=2 (full 0):
 PSYoungGen      total 57344K, used 5570K [0x0000000780000000, 0x0000000784000000, 0x00000007c0000000)
  eden space 49152K, 0% used [0x0000000780000000,0x0000000780000000,0x0000000783000000)
  from space 8192K, 67% used [0x0000000783800000,0x0000000783d70818,0x0000000784000000)
  to   space 8192K, 0% used [0x0000000783000000,0x0000000783000000,0x0000000783800000)
 ParOldGen       total 131072K, used 45768K [0x0000000700000000, 0x0000000708000000, 0x0000000780000000)
  object space 131072K, 34% used [0x0000000700000000,0x0000000702cb23f8,0x0000000708000000)
 Metaspace       used 10888K, capacity 11051K, committed 11264K, reserved 1058816K
  class space    used 1099K, capacity 1190K, committed 1280K, reserved 1048576K
}

Deoptimization events (10 events):
Event: 90.146 Thread 0x00007fa77c802800 Uncommon trap: reason=unstable_if action=reinterpret pc=0x000000010920e058 method=magicks.dominion.Tile.is_path(Ljava/util/List;Ljava/util/List;)Z @ 266
Event: 95.833 Thread 0x00007fa77c802800 Uncommon trap: reason=unstable_if action=reinterpret pc=0x000000010917ebdc method=java.net.SocketInputStream.read([BIII)I @ 86
Event: 95.833 Thread 0x00007fa77c802800 Uncommon trap: reason=unstable_if action=reinterpret pc=0x000000010927f43c method=java.net.SocketInputStream.read()I @ 28
Event: 95.833 Thread 0x00007fa77c802800 Uncommon trap: reason=unstable_if action=reinterpret pc=0x0000000109002240 method=java.lang.AbstractStringBuilder.append(Ljava/lang/String;)Ljava/lang/AbstractStringBuilder; @ 1
Event: 96.515 Thread 0x00007fa77c802800 Uncommon trap: reason=null_assert action=make_not_entrant pc=0x0000000109301494 method=java.net.SocketOutputStream.socketWrite([BII)V @ 61
Event: 96.516 Thread 0x00007fa77c802800 Uncommon trap: reason=null_check action=make_not_entrant pc=0x00000001092380b0 method=java.io.ObjectStreamClass.lookup(Ljava/lang/Class;Z)Ljava/io/ObjectStreamClass; @ 45
Event: 96.517 Thread 0x00007fa77c802800 Uncommon trap: reason=null_check action=make_not_entrant pc=0x0000000109310dac method=java.io.ObjectStreamClass.getReflector([Ljava/io/ObjectStreamField;Ljava/io/ObjectStreamClass;)Ljava/io/ObjectStreamClass$FieldReflector; @ 49
Event: 96.517 Thread 0x00007fa77c802800 Uncommon trap: reason=unstable_if action=reinterpret pc=0x00000001092b0ea0 method=java.io.ObjectStreamClass$FieldReflectorKey.<init>(Ljava/lang/Class;[Ljava/io/ObjectStreamField;Ljava/lang/ref/ReferenceQueue;)V @ 8
Event: 97.964 Thread 0x00007fa77c802800 Uncommon trap: reason=class_check action=maybe_recompile pc=0x00000001092a5410 method=org.newdawn.slick.state.StateBasedGame.update(Lorg/newdawn/slick/GameContainer;I)V @ 43
Event: 100.157 Thread 0x00007fa77c802800 Uncommon trap: reason=unstable_if action=reinterpret pc=0x0000000109093d20 method=org.newdawn.slick.AppGameContainer.gameLoop()V @ 60

Internal exceptions (10 events):
Event: 96.599 Thread 0x00007fa77c802800 Exception <a 'java/net/SocketException'> (0x00000007823070e8) thrown at [/Users/java_re/workspace/8-2-build-macosx-x86_64/jdk8u77/6540/hotspot/src/share/vm/prims/jni.cpp, line 709]
Event: 96.662 Thread 0x00007fa77c802800 Exception <a 'java/net/SocketException'> (0x0000000782307ff8) thrown at [/Users/java_re/workspace/8-2-build-macosx-x86_64/jdk8u77/6540/hotspot/src/share/vm/prims/jni.cpp, line 709]
Event: 96.724 Thread 0x00007fa77c802800 Exception <a 'java/net/SocketException'> (0x0000000782308f08) thrown at [/Users/java_re/workspace/8-2-build-macosx-x86_64/jdk8u77/6540/hotspot/src/share/vm/prims/jni.cpp, line 709]
Event: 96.757 Thread 0x00007fa77c802800 Exception <a 'java/net/SocketException'> (0x0000000782309e18) thrown at [/Users/java_re/workspace/8-2-build-macosx-x86_64/jdk8u77/6540/hotspot/src/share/vm/prims/jni.cpp, line 709]
Event: 96.878 Thread 0x00007fa77c802800 Exception <a 'java/net/SocketException'> (0x000000078230ad28) thrown at [/Users/java_re/workspace/8-2-build-macosx-x86_64/jdk8u77/6540/hotspot/src/share/vm/prims/jni.cpp, line 709]
Event: 97.269 Thread 0x00007fa77c802800 Exception <a 'java/net/SocketException'> (0x000000078230bc38) thrown at [/Users/java_re/workspace/8-2-build-macosx-x86_64/jdk8u77/6540/hotspot/src/share/vm/prims/jni.cpp, line 709]
Event: 97.813 Thread 0x00007fa77c802800 Exception <a 'java/net/SocketException'> (0x000000078230e1f8) thrown at [/Users/java_re/workspace/8-2-build-macosx-x86_64/jdk8u77/6540/hotspot/src/share/vm/prims/jni.cpp, line 709]
Event: 97.817 Thread 0x00007fa77c802800 Exception <a 'java/net/SocketException'> (0x0000000782310758) thrown at [/Users/java_re/workspace/8-2-build-macosx-x86_64/jdk8u77/6540/hotspot/src/share/vm/prims/jni.cpp, line 709]
Event: 97.938 Thread 0x00007fa77c802800 Exception <a 'java/net/SocketException'> (0x0000000782312cb8) thrown at [/Users/java_re/workspace/8-2-build-macosx-x86_64/jdk8u77/6540/hotspot/src/share/vm/prims/jni.cpp, line 709]
Event: 97.950 Thread 0x00007fa77c802800 Exception <a 'java/net/SocketException': Socket closed> (0x00000007823152b0) thrown at [/Users/java_re/workspace/8-2-build-macosx-x86_64/jdk8u77/6540/hotspot/src/share/vm/prims/jni.cpp, line 735]

Events (10 events):
Event: 96.517 Thread 0x00007fa77c802800 DEOPT PACKING pc=0x00000001092b0ea0 sp=0x0000000108c8ed10
Event: 96.517 Thread 0x00007fa77c802800 DEOPT UNPACKING pc=0x0000000108c97229 sp=0x0000000108c8ed28 mode 2
Event: 97.964 Thread 0x00007fa77c802800 Uncommon trap: trap_request=0xffffffde fr.pc=0x00000001092a5410
Event: 97.964 Thread 0x00007fa77c802800 DEOPT PACKING pc=0x00000001092a5410 sp=0x0000000108c8f6a0
Event: 97.964 Thread 0x00007fa77c802800 DEOPT UNPACKING pc=0x0000000108c97229 sp=0x0000000108c8f658 mode 2
Event: 100.157 Thread 0x00007fa77c802800 Uncommon trap: trap_request=0xffffff65 fr.pc=0x0000000109093d20
Event: 100.157 Thread 0x00007fa77c802800 DEOPT PACKING pc=0x0000000109093d20 sp=0x0000000108c8f840
Event: 100.157 Thread 0x00007fa77c802800 DEOPT UNPACKING pc=0x0000000108c97229 sp=0x0000000108c8f808 mode 2
Event: 100.330 loading class org/lwjgl/opengl/CallbackUtil
Event: 100.330 loading class org/lwjgl/opengl/CallbackUtil done


Dynamic libraries:
0x000000000ab0d000 	/System/Library/Frameworks/Cocoa.framework/Versions/A/Cocoa
0x000000000ab0d000 	/System/Library/Frameworks/Security.framework/Versions/A/Security
0x000000000ab0d000 	/System/Library/Frameworks/ApplicationServices.framework/Versions/A/ApplicationServices
0x000000000ab0d000 	/usr/lib/libz.1.dylib
0x000000000ab0d000 	/usr/lib/libSystem.B.dylib
0x000000000ab0d000 	/usr/lib/libobjc.A.dylib
0x000000000ab0d000 	/System/Library/Frameworks/CoreFoundation.framework/Versions/A/CoreFoundation
0x000000000ab0d000 	/System/Library/Frameworks/Foundation.framework/Versions/C/Foundation
0x000000000ab0d000 	/System/Library/Frameworks/AppKit.framework/Versions/C/AppKit
0x000000000ab0d000 	/System/Library/Frameworks/CoreData.framework/Versions/A/CoreData
0x000000000ab0d000 	/System/Library/PrivateFrameworks/RemoteViewServices.framework/Versions/A/RemoteViewServices
0x000000000ab0d000 	/System/Library/PrivateFrameworks/UIFoundation.framework/Versions/A/UIFoundation
0x000000000ab0d000 	/System/Library/Frameworks/IOSurface.framework/Versions/A/IOSurface
0x000000000ab0d000 	/System/Library/Frameworks/AudioToolbox.framework/Versions/A/AudioToolbox
0x000000000ab0d000 	/System/Library/Frameworks/AudioUnit.framework/Versions/A/AudioUnit
0x000000000ab0d000 	/System/Library/PrivateFrameworks/DataDetectorsCore.framework/Versions/A/DataDetectorsCore
0x000000000ab0d000 	/System/Library/PrivateFrameworks/DesktopServicesPriv.framework/Versions/A/DesktopServicesPriv
0x000000000ab0d000 	/System/Library/Frameworks/Carbon.framework/Versions/A/Frameworks/HIToolbox.framework/Versions/A/HIToolbox
0x000000000ab0d000 	/System/Library/Frameworks/QuartzCore.framework/Versions/A/QuartzCore
0x000000000ab0d000 	/System/Library/Frameworks/Carbon.framework/Versions/A/Frameworks/SpeechRecognition.framework/Versions/A/SpeechRecognition
0x000000000ab0d000 	/usr/lib/libauto.dylib
0x000000000ab0d000 	/usr/lib/libicucore.A.dylib
0x000000000ab0d000 	/usr/lib/libxml2.2.dylib
0x000000000ab0d000 	/System/Library/PrivateFrameworks/CoreUI.framework/Versions/A/CoreUI
0x000000000ab0d000 	/System/Library/Frameworks/CoreAudio.framework/Versions/A/CoreAudio
0x000000000ab0d000 	/System/Library/Frameworks/DiskArbitration.framework/Versions/A/DiskArbitration
0x000000000ab0d000 	/usr/lib/liblangid.dylib
0x000000000ab0d000 	/System/Library/PrivateFrameworks/MultitouchSupport.framework/Versions/A/MultitouchSupport
0x000000000ab0d000 	/System/Library/Frameworks/IOKit.framework/Versions/A/IOKit
0x000000000ab0d000 	/usr/lib/libDiagnosticMessagesClient.dylib
0x000000000ab0d000 	/System/Library/Frameworks/CoreServices.framework/Versions/A/CoreServices
0x000000000ab0d000 	/System/Library/PrivateFrameworks/PerformanceAnalysis.framework/Versions/A/PerformanceAnalysis
0x000000000ab0d000 	/System/Library/PrivateFrameworks/GenerationalStorage.framework/Versions/A/GenerationalStorage
0x000000000ab0d000 	/System/Library/Frameworks/OpenGL.framework/Versions/A/OpenGL
0x000000000ab0d000 	/System/Library/PrivateFrameworks/Sharing.framework/Versions/A/Sharing
0x000000000ab0d000 	/System/Library/Frameworks/CoreGraphics.framework/Versions/A/CoreGraphics
0x000000000ab0d000 	/System/Library/Frameworks/CoreText.framework/Versions/A/CoreText
0x000000000ab0d000 	/System/Library/Frameworks/ImageIO.framework/Versions/A/ImageIO
0x000000000ab0d000 	/usr/lib/libextension.dylib
0x000000000ab0d000 	/System/Library/PrivateFrameworks/Backup.framework/Versions/A/Backup
0x000000000ab0d000 	/usr/lib/libarchive.2.dylib
0x000000000ab0d000 	/System/Library/Frameworks/CFNetwork.framework/Versions/A/CFNetwork
0x000000000ab0d000 	/System/Library/Frameworks/SystemConfiguration.framework/Versions/A/SystemConfiguration
0x000000000ab0d000 	/usr/lib/libCRFSuite.dylib
0x000000000ab0d000 	/usr/lib/libc++.1.dylib
0x000000000ab0d000 	/usr/lib/libc++abi.dylib
0x000000000ab0d000 	/usr/lib/system/libcache.dylib
0x000000000ab0d000 	/usr/lib/system/libcommonCrypto.dylib
0x000000000ab0d000 	/usr/lib/system/libcompiler_rt.dylib
0x000000000ab0d000 	/usr/lib/system/libcopyfile.dylib
0x000000000ab0d000 	/usr/lib/system/libcorecrypto.dylib
0x000000000ab0d000 	/usr/lib/system/libdispatch.dylib
0x000000000ab0d000 	/usr/lib/system/libdyld.dylib
0x000000000ab0d000 	/usr/lib/system/libkeymgr.dylib
0x000000000ab0d000 	/usr/lib/system/liblaunch.dylib
0x000000000ab0d000 	/usr/lib/system/libmacho.dylib
0x000000000ab0d000 	/usr/lib/system/libquarantine.dylib
0x000000000ab0d000 	/usr/lib/system/libremovefile.dylib
0x000000000ab0d000 	/usr/lib/system/libsystem_asl.dylib
0x000000000ab0d000 	/usr/lib/system/libsystem_blocks.dylib
0x000000000ab0d000 	/usr/lib/system/libsystem_c.dylib
0x000000000ab0d000 	/usr/lib/system/libsystem_configuration.dylib
0x000000000ab0d000 	/usr/lib/system/libsystem_coreservices.dylib
0x000000000ab0d000 	/usr/lib/system/libsystem_coretls.dylib
0x000000000ab0d000 	/usr/lib/system/libsystem_dnssd.dylib
0x000000000ab0d000 	/usr/lib/system/libsystem_info.dylib
0x000000000ab0d000 	/usr/lib/system/libsystem_kernel.dylib
0x000000000ab0d000 	/usr/lib/system/libsystem_m.dylib
0x000000000ab0d000 	/usr/lib/system/libsystem_malloc.dylib
0x000000000ab0d000 	/usr/lib/system/libsystem_network.dylib
0x000000000ab0d000 	/usr/lib/system/libsystem_networkextension.dylib
0x000000000ab0d000 	/usr/lib/system/libsystem_notify.dylib
0x000000000ab0d000 	/usr/lib/system/libsystem_platform.dylib
0x000000000ab0d000 	/usr/lib/system/libsystem_pthread.dylib
0x000000000ab0d000 	/usr/lib/system/libsystem_sandbox.dylib
0x000000000ab0d000 	/usr/lib/system/libsystem_secinit.dylib
0x000000000ab0d000 	/usr/lib/system/libsystem_stats.dylib
0x000000000ab0d000 	/usr/lib/system/libsystem_trace.dylib
0x000000000ab0d000 	/usr/lib/system/libunc.dylib
0x000000000ab0d000 	/usr/lib/system/libunwind.dylib
0x000000000ab0d000 	/usr/lib/system/libxpc.dylib
0x000000000ab0d000 	/usr/lib/libbz2.1.0.dylib
0x000000000ab0d000 	/usr/lib/liblzma.5.dylib
0x000000000ab0d000 	/usr/lib/libbsm.0.dylib
0x000000000ab0d000 	/usr/lib/libsqlite3.dylib
0x000000000ab0d000 	/usr/lib/system/libkxld.dylib
0x000000000ab0d000 	/usr/lib/libxar.1.dylib
0x000000000ab0d000 	/usr/lib/libpam.2.dylib
0x000000000ab0d000 	/usr/lib/libOpenScriptingUtil.dylib
0x000000000ab0d000 	/System/Library/Frameworks/CoreServices.framework/Versions/A/Frameworks/FSEvents.framework/Versions/A/FSEvents
0x000000000ab0d000 	/System/Library/Frameworks/CoreServices.framework/Versions/A/Frameworks/CarbonCore.framework/Versions/A/CarbonCore
0x000000000ab0d000 	/System/Library/Frameworks/CoreServices.framework/Versions/A/Frameworks/Metadata.framework/Versions/A/Metadata
0x000000000ab0d000 	/System/Library/Frameworks/CoreServices.framework/Versions/A/Frameworks/OSServices.framework/Versions/A/OSServices
0x000000000ab0d000 	/System/Library/Frameworks/CoreServices.framework/Versions/A/Frameworks/SearchKit.framework/Versions/A/SearchKit
0x000000000ab0d000 	/System/Library/Frameworks/CoreServices.framework/Versions/A/Frameworks/AE.framework/Versions/A/AE
0x000000000ab0d000 	/System/Library/Frameworks/CoreServices.framework/Versions/A/Frameworks/LaunchServices.framework/Versions/A/LaunchServices
0x000000000ab0d000 	/System/Library/Frameworks/CoreServices.framework/Versions/A/Frameworks/DictionaryServices.framework/Versions/A/DictionaryServices
0x000000000ab0d000 	/System/Library/Frameworks/NetFS.framework/Versions/A/NetFS
0x000000000ab0d000 	/System/Library/PrivateFrameworks/NetAuth.framework/Versions/A/NetAuth
0x000000000ab0d000 	/System/Library/PrivateFrameworks/login.framework/Versions/A/Frameworks/loginsupport.framework/Versions/A/loginsupport
0x000000000ab0d000 	/System/Library/PrivateFrameworks/TCC.framework/Versions/A/TCC
0x000000000ab0d000 	/usr/lib/libmecabra.dylib
0x000000000ab0d000 	/System/Library/Frameworks/ApplicationServices.framework/Versions/A/Frameworks/ATS.framework/Versions/A/ATS
0x000000000ab0d000 	/System/Library/Frameworks/ApplicationServices.framework/Versions/A/Frameworks/ColorSync.framework/Versions/A/ColorSync
0x000000000ab0d000 	/System/Library/Frameworks/ApplicationServices.framework/Versions/A/Frameworks/HIServices.framework/Versions/A/HIServices
0x000000000ab0d000 	/System/Library/Frameworks/ApplicationServices.framework/Versions/A/Frameworks/LangAnalysis.framework/Versions/A/LangAnalysis
0x000000000ab0d000 	/System/Library/Frameworks/ApplicationServices.framework/Versions/A/Frameworks/PrintCore.framework/Versions/A/PrintCore
0x000000000ab0d000 	/System/Library/Frameworks/ApplicationServices.framework/Versions/A/Frameworks/QD.framework/Versions/A/QD
0x000000000ab0d000 	/System/Library/Frameworks/ApplicationServices.framework/Versions/A/Frameworks/SpeechSynthesis.framework/Versions/A/SpeechSynthesis
0x000000000ab0d000 	/System/Library/Frameworks/Accelerate.framework/Versions/A/Accelerate
0x000000000ab0d000 	/System/Library/Frameworks/Accelerate.framework/Versions/A/Frameworks/vImage.framework/Versions/A/vImage
0x000000000ab0d000 	/System/Library/Frameworks/Accelerate.framework/Versions/A/Frameworks/vecLib.framework/Versions/A/vecLib
0x000000000ab0d000 	/System/Library/Frameworks/Accelerate.framework/Versions/A/Frameworks/vecLib.framework/Versions/A/libvDSP.dylib
0x000000000ab0d000 	/System/Library/Frameworks/Accelerate.framework/Versions/A/Frameworks/vecLib.framework/Versions/A/libvMisc.dylib
0x000000000ab0d000 	/System/Library/Frameworks/Accelerate.framework/Versions/A/Frameworks/vecLib.framework/Versions/A/libLAPACK.dylib
0x000000000ab0d000 	/System/Library/Frameworks/Accelerate.framework/Versions/A/Frameworks/vecLib.framework/Versions/A/libBLAS.dylib
0x000000000ab0d000 	/System/Library/Frameworks/Accelerate.framework/Versions/A/Frameworks/vecLib.framework/Versions/A/libLinearAlgebra.dylib
0x000000000ab0d000 	/System/Library/Frameworks/ApplicationServices.framework/Versions/A/Frameworks/ATS.framework/Versions/A/Resources/libFontParser.dylib
0x000000000ab0d000 	/System/Library/Frameworks/ApplicationServices.framework/Versions/A/Frameworks/ATS.framework/Versions/A/Resources/libFontRegistry.dylib
0x000000000ab0d000 	/System/Library/PrivateFrameworks/AppleVPA.framework/Versions/A/AppleVPA
0x000000000ab0d000 	/System/Library/PrivateFrameworks/AppleJPEG.framework/Versions/A/AppleJPEG
0x000000000ab0d000 	/System/Library/Frameworks/ImageIO.framework/Versions/A/Resources/libJPEG.dylib
0x000000000ab0d000 	/System/Library/Frameworks/ImageIO.framework/Versions/A/Resources/libTIFF.dylib
0x000000000ab0d000 	/System/Library/Frameworks/ImageIO.framework/Versions/A/Resources/libPng.dylib
0x000000000ab0d000 	/System/Library/Frameworks/ImageIO.framework/Versions/A/Resources/libGIF.dylib
0x000000000ab0d000 	/System/Library/Frameworks/ImageIO.framework/Versions/A/Resources/libJP2.dylib
0x000000000ab0d000 	/System/Library/Frameworks/ImageIO.framework/Versions/A/Resources/libRadiance.dylib
0x000000000ab0d000 	/System/Library/Frameworks/CoreVideo.framework/Versions/A/CoreVideo
0x000000000ab0d000 	/System/Library/Frameworks/OpenGL.framework/Versions/A/Libraries/libGLU.dylib
0x000000000ab0d000 	/System/Library/Frameworks/OpenGL.framework/Versions/A/Libraries/libGFXShared.dylib
0x000000000ab0d000 	/System/Library/Frameworks/OpenGL.framework/Versions/A/Libraries/libGL.dylib
0x000000000ab0d000 	/System/Library/Frameworks/OpenGL.framework/Versions/A/Libraries/libGLImage.dylib
0x000000000ab0d000 	/System/Library/Frameworks/OpenGL.framework/Versions/A/Libraries/libCVMSPluginSupport.dylib
0x000000000ab0d000 	/System/Library/Frameworks/OpenGL.framework/Versions/A/Libraries/libCoreVMClient.dylib
0x000000000ab0d000 	/usr/lib/libcups.2.dylib
0x000000000ab0d000 	/System/Library/Frameworks/Kerberos.framework/Versions/A/Kerberos
0x000000000ab0d000 	/System/Library/Frameworks/GSS.framework/Versions/A/GSS
0x000000000ab0d000 	/usr/lib/libresolv.9.dylib
0x000000000ab0d000 	/usr/lib/libiconv.2.dylib
0x000000000ab0d000 	/System/Library/PrivateFrameworks/Heimdal.framework/Versions/A/Heimdal
0x000000000ab0d000 	/usr/lib/libheimdal-asn1.dylib
0x000000000ab0d000 	/System/Library/Frameworks/OpenDirectory.framework/Versions/A/OpenDirectory
0x000000000ab0d000 	/System/Library/PrivateFrameworks/CommonAuth.framework/Versions/A/CommonAuth
0x000000000ab0d000 	/System/Library/Frameworks/OpenDirectory.framework/Versions/A/Frameworks/CFOpenDirectory.framework/Versions/A/CFOpenDirectory
0x000000000ab0d000 	/System/Library/Frameworks/SecurityFoundation.framework/Versions/A/SecurityFoundation
0x000000000ab0d000 	/System/Library/PrivateFrameworks/LanguageModeling.framework/Versions/A/LanguageModeling
0x000000000ab0d000 	/usr/lib/libcmph.dylib
0x000000000ab0d000 	/System/Library/Frameworks/ServiceManagement.framework/Versions/A/ServiceManagement
0x000000000ab0d000 	/usr/lib/libxslt.1.dylib
0x000000000ab0d000 	/System/Library/Frameworks/Carbon.framework/Versions/A/Frameworks/Ink.framework/Versions/A/Ink
0x000000000ab0d000 	/System/Library/Frameworks/QuartzCore.framework/Versions/A/Frameworks/CoreImage.framework/Versions/A/CoreImage
0x000000000ab0d000 	/System/Library/PrivateFrameworks/CrashReporterSupport.framework/Versions/A/CrashReporterSupport
0x000000000ab0d000 	/System/Library/Frameworks/OpenCL.framework/Versions/A/OpenCL
0x000000000ab0d000 	/System/Library/PrivateFrameworks/FaceCore.framework/Versions/A/FaceCore
0x000000000ab0d000 	/System/Library/PrivateFrameworks/Ubiquity.framework/Versions/A/Ubiquity
0x000000000ab0d000 	/System/Library/PrivateFrameworks/IconServices.framework/Versions/A/IconServices
0x000000000ab0d000 	/System/Library/PrivateFrameworks/ChunkingLibrary.framework/Versions/A/ChunkingLibrary
0x000000000ab0d000 	/System/Library/PrivateFrameworks/Apple80211.framework/Versions/A/Apple80211
0x000000000ab0d000 	/System/Library/Frameworks/CoreWLAN.framework/Versions/A/CoreWLAN
0x000000000ab0d000 	/System/Library/Frameworks/IOBluetooth.framework/Versions/A/IOBluetooth
0x000000000ab0d000 	/System/Library/PrivateFrameworks/CoreWiFi.framework/Versions/A/CoreWiFi
0x000000000ab0d000 	/System/Library/Frameworks/CoreBluetooth.framework/Versions/A/CoreBluetooth
0x000000000ab0d000 	/System/Library/PrivateFrameworks/DebugSymbols.framework/Versions/A/DebugSymbols
0x000000000ab0d000 	/System/Library/PrivateFrameworks/CoreSymbolication.framework/Versions/A/CoreSymbolication
0x000000000ab0d000 	/System/Library/PrivateFrameworks/Symbolication.framework/Versions/A/Symbolication
0x000000000ab0d000 	/System/Library/PrivateFrameworks/SpeechRecognitionCore.framework/Versions/A/SpeechRecognitionCore
0x0000000107c00000 	/Library/Java/JavaVirtualMachines/jdk1.8.0_77.jdk/Contents/Home/jre/lib/server/libjvm.dylib
0x000000000ab0d000 	/usr/lib/libstdc++.6.dylib
0x0000000106b71000 	/Library/Java/JavaVirtualMachines/jdk1.8.0_77.jdk/Contents/Home/jre/lib/libverify.dylib
0x0000000106b7f000 	/Library/Java/JavaVirtualMachines/jdk1.8.0_77.jdk/Contents/Home/jre/lib/libjava.dylib
0x0000000106bbe000 	/Library/Java/JavaVirtualMachines/jdk1.8.0_77.jdk/Contents/Home/jre/lib/libzip.dylib
0x00000001222d6000 	/System/Library/Frameworks/JavaVM.framework/Frameworks/JavaRuntimeSupport.framework/JavaRuntimeSupport
0x00000001222ee000 	/System/Library/Frameworks/JavaVM.framework/Versions/A/Frameworks/JavaNativeFoundation.framework/Versions/A/JavaNativeFoundation
0x0000000106bf0000 	/System/Library/Frameworks/JavaVM.framework/Versions/A/JavaVM
0x000000000ab0d000 	/System/Library/Frameworks/Carbon.framework/Versions/A/Carbon
0x0000000122303000 	/System/Library/PrivateFrameworks/JavaLaunching.framework/Versions/A/JavaLaunching
0x000000000ab0d000 	/System/Library/Frameworks/Carbon.framework/Versions/A/Frameworks/CommonPanels.framework/Versions/A/CommonPanels
0x000000000ab0d000 	/System/Library/Frameworks/Carbon.framework/Versions/A/Frameworks/Help.framework/Versions/A/Help
0x000000000ab0d000 	/System/Library/Frameworks/Carbon.framework/Versions/A/Frameworks/ImageCapture.framework/Versions/A/ImageCapture
0x000000000ab0d000 	/System/Library/Frameworks/Carbon.framework/Versions/A/Frameworks/OpenScripting.framework/Versions/A/OpenScripting
0x000000000ab0d000 	/System/Library/Frameworks/Carbon.framework/Versions/A/Frameworks/Print.framework/Versions/A/Print
0x000000000ab0d000 	/System/Library/Frameworks/Carbon.framework/Versions/A/Frameworks/SecurityHI.framework/Versions/A/SecurityHI
0x000000012435b000 	/Library/Java/JavaVirtualMachines/jdk1.8.0_77.jdk/Contents/Home/jre/lib/libawt.dylib
0x0000000124403000 	/Library/Java/JavaVirtualMachines/jdk1.8.0_77.jdk/Contents/Home/jre/lib/./libmlib_image.dylib
0x00000001244cf000 	/Library/Java/JavaVirtualMachines/jdk1.8.0_77.jdk/Contents/Home/jre/lib/libawt_lwawt.dylib
0x0000000124584000 	/Library/Java/JavaVirtualMachines/jdk1.8.0_77.jdk/Contents/Home/jre/lib/./libosxapp.dylib
0x000000000ab0d000 	/System/Library/Frameworks/ExceptionHandling.framework/Versions/A/ExceptionHandling
0x000000000ab0d000 	/System/Library/PrivateFrameworks/CoreServicesInternal.framework/Versions/A/CoreServicesInternal
0x000000000ab0d000 	/System/Library/PrivateFrameworks/CloudDocs.framework/Versions/A/CloudDocs
0x000000000ab0d000 	/System/Library/PrivateFrameworks/CoreDuet.framework/Versions/A/CoreDuet
0x000000000ab0d000 	/System/Library/Frameworks/CloudKit.framework/Versions/A/CloudKit
0x000000000ab0d000 	/System/Library/PrivateFrameworks/ProtocolBuffer.framework/Versions/A/ProtocolBuffer
0x000000000ab0d000 	/System/Library/PrivateFrameworks/CoreDuetDaemonProtocol.framework/Versions/A/CoreDuetDaemonProtocol
0x000000000ab0d000 	/System/Library/PrivateFrameworks/CoreDuetDebugLogging.framework/Versions/A/CoreDuetDebugLogging
0x000000000ab0d000 	/System/Library/PrivateFrameworks/MMCS.framework/Versions/A/MMCS
0x000000000ab0d000 	/System/Library/Frameworks/CoreLocation.framework/Versions/A/CoreLocation
0x000000000ab0d000 	/System/Library/PrivateFrameworks/ProtectedCloudStorage.framework/Versions/A/ProtectedCloudStorage
0x000000000ab0d000 	/System/Library/PrivateFrameworks/GeoServices.framework/Versions/A/GeoServices
0x000000000ab0d000 	/System/Library/Frameworks/CoreGraphics.framework/Versions/A/Resources/libCGCMS.A.dylib
0x000000000ab0d000 	/System/Library/Frameworks/CoreGraphics.framework/Versions/A/Resources/libRIP.A.dylib
0x000000000ab0d000 	/System/Library/Frameworks/CoreGraphics.framework/Versions/A/Resources/libCGXType.A.dylib
0x000000000ab0d000 	/System/Library/Frameworks/OpenCL.framework/Versions/A/Libraries/libcldcpuengine.dylib
0x000000000ab0d000 	/System/Library/PrivateFrameworks/DiskImages.framework/Versions/A/DiskImages
0x000000000ab0d000 	/System/Library/Frameworks/DiscRecording.framework/Versions/A/DiscRecording
0x000000000ab0d000 	/usr/lib/libcsfde.dylib
0x000000000ab0d000 	/usr/lib/libcurl.4.dylib
0x000000000ab0d000 	/System/Library/PrivateFrameworks/MediaKit.framework/Versions/A/MediaKit
0x000000000ab0d000 	/usr/lib/libCoreStorage.dylib
0x000000000ab0d000 	/System/Library/PrivateFrameworks/EFILogin.framework/Versions/A/EFILogin
0x000000000ab0d000 	/usr/lib/libutil.dylib
0x000000000ab0d000 	/System/Library/PrivateFrameworks/FindMyDevice.framework/Versions/A/FindMyDevice
0x000000000ab0d000 	/System/Library/Frameworks/LDAP.framework/Versions/A/LDAP
0x000000000ab0d000 	/usr/lib/libsasl2.2.dylib
0x000000000ab0d000 	/System/Library/PrivateFrameworks/CoreDaemon.framework/Versions/B/CoreDaemon
0x000000000ab0d000 	/usr/lib/libcrypto.0.9.8.dylib
0x000000000ab0d000 	/System/Library/PrivateFrameworks/AppleSRP.framework/Versions/A/AppleSRP
0x000000000ab0d000 	/System/Library/PrivateFrameworks/TrustEvaluationAgent.framework/Versions/A/TrustEvaluationAgent
0x0000000127475000 	cl_kernels
0x0000000127477000 	/System/Library/Frameworks/OpenCL.framework/Versions/A/Libraries/ImageFormats/unorm8_bgra.dylib
0x0000000127466000 	cl_kernels
0x000000000ab0d000 	/System/Library/PrivateFrameworks/FamilyControls.framework/Versions/A/FamilyControls
0x000000000ab0d000 	/System/Library/PrivateFrameworks/CommerceKit.framework/Versions/A/Frameworks/CommerceCore.framework/Versions/A/CommerceCore
0x000000000ab0d000 	/System/Library/PrivateFrameworks/SystemAdministration.framework/Versions/A/SystemAdministration
0x000000000ab0d000 	/System/Library/PrivateFrameworks/AppContainer.framework/Versions/A/AppContainer
0x000000000ab0d000 	/System/Library/PrivateFrameworks/SecCodeWrapper.framework/Versions/A/SecCodeWrapper
0x000000000ab0d000 	/System/Library/Frameworks/DirectoryService.framework/Versions/A/DirectoryService
0x000000000ab0d000 	/System/Library/PrivateFrameworks/LoginUIKit.framework/Versions/A/Frameworks/LoginUICore.framework/Versions/A/LoginUICore
0x000000000ab0d000 	/usr/lib/libodfde.dylib
0x0000000128793000 	/Library/Java/JavaVirtualMachines/jdk1.8.0_77.jdk/Contents/Home/jre/lib/libfontmanager.dylib
0x00000001287fa000 	/Users/elliot/NetBeansProjects/Magicks Dominion/lib/Slick2D/natives-mac/liblwjgl.dylib
0x000000012681a000 	/Library/Java/JavaVirtualMachines/jdk1.8.0_77.jdk/Contents/Home/jre/lib/libjawt.dylib
0x000000000ab0d000 	/System/Library/Frameworks/OpenGL.framework/Versions/A/Resources/GLEngine.bundle/GLEngine
0x000000000ab0d000 	/System/Library/Frameworks/OpenGL.framework/Versions/A/Libraries/libGLProgrammability.dylib
0x000000012887c000 	/System/Library/Extensions/ATIRadeonX2000GLDriver.bundle/Contents/MacOS/ATIRadeonX2000GLDriver
0x000000012681d000 	/System/Library/PrivateFrameworks/GPUSupport.framework/Versions/A/Libraries/libGPUSupport.dylib
0x000000000ab0d000 	/System/Library/Frameworks/OpenGL.framework/Versions/A/Resources/GLRendererFloat.bundle/GLRendererFloat
0x00000001295d9000 	/Users/elliot/NetBeansProjects/Magicks Dominion/lib/Slick2D/natives-mac/libjinput-osx.dylib
0x00000001298bf000 	/System/Library/Extensions/IOHIDFamily.kext/Contents/PlugIns/IOHIDLib.plugin/Contents/MacOS/IOHIDLib
0x000000012a298000 	/Library/Java/JavaVirtualMachines/jdk1.8.0_77.jdk/Contents/Home/jre/lib/libnet.dylib
0x000000012a48e000 	/Library/Java/JavaVirtualMachines/jdk1.8.0_77.jdk/Contents/Home/jre/lib/libnio.dylib
0x000000000ab0d000 	/System/Library/Frameworks/ApplicationServices.framework/Versions/A/Frameworks/ATS.framework/Versions/A/Resources/libTrueTypeScaler.dylib
0x000000000ab0d000 	/System/Library/Frameworks/ApplicationServices.framework/Versions/A/Frameworks/ATS.framework/Versions/A/Resources/libType1Scaler.dylib
0x000000017a12f000 	/Users/elliot/NetBeansProjects/Magicks Dominion/lib/Slick2D/natives-mac/openal.dylib
0x000000017a1b2000 	/System/Library/Components/CoreAudio.component/Contents/MacOS/CoreAudio
0x000000017a48b000 	/System/Library/Extensions/AppleHDA.kext/Contents/PlugIns/AppleHDAHALPlugIn.bundle/Contents/MacOS/AppleHDAHALPlugIn

VM Arguments:
jvm_args: -Dfile.encoding=UTF-8 -Djava.library.path=lib/Slick2D/natives-mac 
java_command: magicks.dominion.MagicksDominion
java_class_path (initial): /Users/elliot/NetBeansProjects/Magicks Dominion/lib/Slick2D/lwjgl.jar:/Users/elliot/NetBeansProjects/Magicks Dominion/lib/Slick2D/lwjgl_util.jar:/Users/elliot/NetBeansProjects/Magicks Dominion/lib/Slick2D/jinput.jar:/Users/elliot/NetBeansProjects/Magicks Dominion/lib/Slick2D/slick.jar:/Users/elliot/NetBeansProjects/Magicks Dominion/build/classes
Launcher Type: SUN_STANDARD

Environment Variables:
PATH=/usr/bin:/bin:/usr/sbin:/sbin
LD_LIBRARY_PATH=/Library/Java/JavaVirtualMachines/jdk1.8.0_77.jdk/Contents/Home/jre/lib/amd64:/Library/Java/JavaVirtualMachines/jdk1.8.0_77.jdk/Contents/Home/jre/lib/i386:
SHELL=/bin/bash
DISPLAY=/private/tmp/com.apple.launchd.ZTrzMxazn4/org.macosforge.xquartz:0
DYLD_LIBRARY_PATH=/Applications/NetBeans/NetBeans 8.1.app/Contents/Resources/NetBeans/webcommon/bin:

Signal Handlers:
SIGSEGV: [libjvm.dylib+0x5a6855], sa_mask[0]=11111111011111110111111111111111, sa_flags=SA_ONSTACK|SA_RESTART|SA_SIGINFO
SIGBUS: [libjvm.dylib+0x5a6855], sa_mask[0]=11111111011111110111111111111111, sa_flags=SA_RESTART|SA_SIGINFO
SIGFPE: [libjvm.dylib+0x4804ec], sa_mask[0]=11111111011111110111111111111111, sa_flags=SA_RESTART|SA_SIGINFO
SIGPIPE: [libjvm.dylib+0x4804ec], sa_mask[0]=11111111011111110111111111111111, sa_flags=SA_RESTART|SA_SIGINFO
SIGXFSZ: [libjvm.dylib+0x4804ec], sa_mask[0]=11111111011111110111111111111111, sa_flags=SA_RESTART|SA_SIGINFO
SIGILL: [libjvm.dylib+0x4804ec], sa_mask[0]=11111111011111110111111111111111, sa_flags=SA_RESTART|SA_SIGINFO
SIGUSR1: SIG_DFL, sa_mask[0]=00000000000000000000000000000000, sa_flags=none
SIGUSR2: [libjvm.dylib+0x48000a], sa_mask[0]=00100000000000000000000000000000, sa_flags=SA_RESTART|SA_SIGINFO
SIGHUP: [libjvm.dylib+0x47e5e1], sa_mask[0]=11111111011111110111111111111111, sa_flags=SA_RESTART|SA_SIGINFO
SIGINT: SIG_IGN, sa_mask[0]=00000000000000000000000000000000, sa_flags=none
SIGTERM: [libjvm.dylib+0x47e5e1], sa_mask[0]=11111111011111110111111111111111, sa_flags=SA_RESTART|SA_SIGINFO
SIGQUIT: [libjvm.dylib+0x47e5e1], sa_mask[0]=11111111011111110111111111111111, sa_flags=SA_RESTART|SA_SIGINFO


---------------  S Y S T E M  ---------------

OS:Bsduname:Darwin 14.5.0 Darwin Kernel Version 14.5.0: Mon Jan 11 18:48:35 PST 2016; root:xnu-2782.50.2~1/RELEASE_X86_64 x86_64
rlimit: STACK 8192k, CORE 0k, NPROC 709, NOFILE 10240, AS infinity
load average:3.48 4.28 4.33

CPU:total 8 (4 cores per cpu, 2 threads per core) family 6 model 30 stepping 5, cmov, cx8, fxsr, mmx, sse, sse2, sse3, ssse3, sse4.1, sse4.2, popcnt, ht, tsc, tscinvbit

Memory: 4k page, physical 12582912k(602288k free)

/proc/meminfo:


vm_info: Java HotSpot(TM) 64-Bit Server VM (25.77-b03) for bsd-amd64 JRE (1.8.0_77-b03), built on Mar 20 2016 22:14:03 by "java_re" with gcc 4.2.1 (Based on Apple Inc. build 5658) (LLVM build 2336.11.00)

time: Sat Jun  4 11:17:31 2016
elapsed time: 100 seconds (0d 0h 1m 40s)

